\BOOKMARK [1][-]{section.1}{Introducci\363n}{}% 1
\BOOKMARK [2][-]{subsection.1.1}{Definici\363n del problema}{section.1}% 2
\BOOKMARK [2][-]{subsection.1.2}{Pregunta de Investigaci\363n}{section.1}% 3
\BOOKMARK [1][-]{section.2}{Metodolog\355a}{}% 4
\BOOKMARK [2][-]{subsection.2.1}{Identificaci\363n y Presentaci\363n de los modelos}{section.2}% 5
\BOOKMARK [2][-]{subsection.2.2}{Estimaci\363n de Coeficientes}{section.2}% 6
\BOOKMARK [1][-]{section.3}{Resultados y An\341lisis}{}% 7
\BOOKMARK [2][-]{subsection.3.1}{An\341lisis de los Modelos}{section.3}% 8
\BOOKMARK [3][-]{subsubsection.3.1.1}{Construcci\363n de los modelos}{subsection.3.1}% 9
\BOOKMARK [3][-]{subsubsection.3.1.2}{Interpretaci\363n de los coeficientes}{subsection.3.1}% 10
\BOOKMARK [3][-]{subsubsection.3.1.3}{Supuestos de los Modelos}{subsection.3.1}% 11
\BOOKMARK [2][-]{subsection.3.2}{An\341lisis de los Resultados}{section.3}% 12
\BOOKMARK [1][-]{section.4}{Conclusiones}{}% 13
\BOOKMARK [1][-]{appendix.Alph1}{Algoritmos en Surprise}{}% 14
\BOOKMARK [2][-]{subsection.Alph1.1}{Notaciones}{appendix.Alph1}% 15
\BOOKMARK [2][-]{subsection.Alph1.2}{Algoritmos base:}{appendix.Alph1}% 16
\BOOKMARK [3][-]{subsubsection.Alph1.2.1}{NormalPredictor}{subsection.Alph1.2}% 17
\BOOKMARK [3][-]{subsubsection.Alph1.2.2}{BaselineOnly}{subsection.Alph1.2}% 18
\BOOKMARK [2][-]{subsection.Alph1.3}{Algoritmos de vecindades:}{appendix.Alph1}% 19
\BOOKMARK [3][-]{subsubsection.Alph1.3.1}{KNNBasic}{subsection.Alph1.3}% 20
\BOOKMARK [3][-]{subsubsection.Alph1.3.2}{KNNWithMeans}{subsection.Alph1.3}% 21
\BOOKMARK [3][-]{subsubsection.Alph1.3.3}{KNNWithZScore}{subsection.Alph1.3}% 22
\BOOKMARK [3][-]{subsubsection.Alph1.3.4}{KNNBaseline}{subsection.Alph1.3}% 23
\BOOKMARK [2][-]{subsection.Alph1.4}{Algoritmos de factores latentes:}{appendix.Alph1}% 24
\BOOKMARK [3][-]{subsubsection.Alph1.4.1}{SVD}{subsection.Alph1.4}% 25
\BOOKMARK [3][-]{subsubsection.Alph1.4.2}{SVDpp}{subsection.Alph1.4}% 26
\BOOKMARK [3][-]{subsubsection.Alph1.4.3}{NMF}{subsection.Alph1.4}% 27
\BOOKMARK [2][-]{subsection.Alph1.5}{Algoritmo de clustering:}{appendix.Alph1}% 28
\BOOKMARK [3][-]{subsubsection.Alph1.5.1}{Co-clustering}{subsection.Alph1.5}% 29
